<?xml version="1.0" encoding="UTF-8"?>
<!-- Generated by org.testng.reporters.JUnitReportReporter -->
<testsuite hostname="DESKTOP-GIBMBTV" failures="0" tests="1" name="com.TestLayer.TestLayer" time="1.579" errors="0" timestamp="2023-01-30T18:17:59 IST" skipped="0">
  <testcase classname="com.TestLayer.TestLayer" name="CustomerClass" time="1.579"/>
  <system-out/>
</testsuite> <!-- com.TestLayer.TestLayer -->
